<?xml version="1.0" encoding="UTF-8"?>
<!-- Generated by org.testng.reporters.JUnitXMLReporter -->
<testsuite hostname="DESKTOP-L84NPSN" ignored="0" name="Surefire test" tests="5" failures="0" timestamp="2022-07-05T02:17:15 IST" time="126.881" errors="0">
  <testcase name="findbrokenlinksonhomepage" time="35.962" classname="com.indiatoday.qa.testcases.BuzzPageTest"/>
  <testcase name="changetheme" time="8.131" classname="com.indiatoday.qa.testcases.HomePageTest"/>
  <testcase name="findbrokenlinksonhomepage" time="36.451" classname="com.indiatoday.qa.testcases.HomePageTest"/>
  <testcase name="clickonwebstories" time="12.785" classname="com.indiatoday.qa.testcases.WebStoryTest"/>
  <testcase name="clickonwebstoryandcapturestorytext" time="2.584" classname="com.indiatoday.qa.testcases.WebStoryTest"/>
</testsuite> <!-- Surefire test -->
