<?xml version="1.0" encoding="UTF-8"?>
<!-- Generated by org.testng.reporters.JUnitXMLReporter -->
<testsuite hostname="DESKTOP-L84NPSN" ignored="1" name="Default test" tests="1" failures="0" timestamp="2022-07-05T02:12:51 IST" time="15.54" errors="0">
  <testcase name="clickonwebstoryandcapturestorytext" time="4.319" classname="com.indiatoday.qa.testcases.WebStoryTest"/>
  <testcase name="clickonwebstories" time="0.0" classname="com.indiatoday.qa.testcases.WebStoryTest">
    <ignored/>
  </testcase> <!-- clickonwebstories -->
</testsuite> <!-- Default test -->
